{"/home/manfucci/GitRepos/ardeeno-backend/app.js": {"path":"/home/manfucci/GitRepos/ardeeno-backend/app.js","statementMap":{"0":{"start":{"line":1,"column":15},"end":{"line":1,"column":41}},"1":{"start":{"line":2,"column":16},"end":{"line":2,"column":34}},"2":{"start":{"line":3,"column":12},"end":{"line":3,"column":21}},"3":{"start":{"line":4,"column":15},"end":{"line":4,"column":34}},"4":{"start":{"line":5,"column":21},"end":{"line":5,"column":57}},"5":{"start":{"line":6,"column":13},"end":{"line":6,"column":28}},"6":{"start":{"line":8,"column":18},"end":{"line":8,"column":47}},"7":{"start":{"line":9,"column":24},"end":{"line":9,"column":50}},"8":{"start":{"line":11,"column":20},"end":{"line":11,"column":45}},"9":{"start":{"line":12,"column":22},"end":{"line":12,"column":49}},"10":{"start":{"line":16,"column":15},"end":{"line":18,"column":1}},"11":{"start":{"line":17,"column":2},"end":{"line":17,"column":50}},"12":{"start":{"line":21,"column":0},"end":{"line":21,"column":33}},"13":{"start":{"line":22,"column":0},"end":{"line":22,"column":43}},"14":{"start":{"line":23,"column":0},"end":{"line":23,"column":43}},"15":{"start":{"line":24,"column":0},"end":{"line":24,"column":51}},"16":{"start":{"line":25,"column":0},"end":{"line":25,"column":61}},"17":{"start":{"line":27,"column":0},"end":{"line":27,"column":71}},"18":{"start":{"line":28,"column":0},"end":{"line":28,"column":15}},"19":{"start":{"line":29,"column":0},"end":{"line":29,"column":23}},"20":{"start":{"line":30,"column":0},"end":{"line":38,"column":2}},"21":{"start":{"line":31,"column":2},"end":{"line":36,"column":4}},"22":{"start":{"line":37,"column":2},"end":{"line":37,"column":8}},"23":{"start":{"line":40,"column":0},"end":{"line":40,"column":21}},"24":{"start":{"line":41,"column":0},"end":{"line":41,"column":25}},"25":{"start":{"line":42,"column":0},"end":{"line":42,"column":27}},"26":{"start":{"line":44,"column":0},"end":{"line":53,"column":1}},"27":{"start":{"line":45,"column":2},"end":{"line":52,"column":3}},"28":{"start":{"line":49,"column":6},"end":{"line":49,"column":49}},"29":{"start":{"line":49,"column":15},"end":{"line":49,"column":49}},"30":{"start":{"line":50,"column":6},"end":{"line":50,"column":90}},"31":{"start":{"line":55,"column":0},"end":{"line":55,"column":20}}},"fnMap":{"0":{"name":"(anonymous_0)","decl":{"start":{"line":16,"column":15},"end":{"line":16,"column":16}},"loc":{"start":{"line":16,"column":21},"end":{"line":18,"column":1}},"line":16},"1":{"name":"(anonymous_1)","decl":{"start":{"line":30,"column":13},"end":{"line":30,"column":14}},"loc":{"start":{"line":30,"column":33},"end":{"line":38,"column":1}},"line":30},"2":{"name":"(anonymous_2)","decl":{"start":{"line":48,"column":4},"end":{"line":48,"column":5}},"loc":{"start":{"line":48,"column":13},"end":{"line":51,"column":5}},"line":48}},"branchMap":{"0":{"loc":{"start":{"line":44,"column":0},"end":{"line":53,"column":1}},"type":"if","locations":[{"start":{"line":44,"column":0},"end":{"line":53,"column":1}},{"start":{},"end":{}}],"line":44},"1":{"loc":{"start":{"line":49,"column":6},"end":{"line":49,"column":49}},"type":"if","locations":[{"start":{"line":49,"column":6},"end":{"line":49,"column":49}},{"start":{},"end":{}}],"line":49}},"s":{"0":2,"1":2,"2":2,"3":2,"4":2,"5":2,"6":2,"7":2,"8":2,"9":2,"10":2,"11":2,"12":2,"13":2,"14":2,"15":2,"16":2,"17":2,"18":2,"19":2,"20":2,"21":13,"22":13,"23":2,"24":2,"25":2,"26":2,"27":0,"28":0,"29":0,"30":0,"31":2},"f":{"0":2,"1":13,"2":0},"b":{"0":[0,2],"1":[0,0]},"_coverageSchema":"1a1c01bbd47fc00a2c39e90264f33305004495a9","hash":"abf3306a224976185474787df4481da3f44128f4"}
,"/home/manfucci/GitRepos/ardeeno-backend/controllers/cliente.js": {"path":"/home/manfucci/GitRepos/ardeeno-backend/controllers/cliente.js","statementMap":{"0":{"start":{"line":1,"column":20},"end":{"line":1,"column":60}},"1":{"start":{"line":2,"column":15},"end":{"line":2,"column":42}},"2":{"start":{"line":3,"column":17},"end":{"line":3,"column":46}},"3":{"start":{"line":4,"column":16},"end":{"line":4,"column":44}},"4":{"start":{"line":5,"column":16},"end":{"line":5,"column":44}},"5":{"start":{"line":6,"column":23},"end":{"line":6,"column":59}},"6":{"start":{"line":7,"column":26},"end":{"line":7,"column":65}},"7":{"start":{"line":9,"column":17},"end":{"line":9,"column":36}},"8":{"start":{"line":10,"column":15},"end":{"line":10,"column":32}},"9":{"start":{"line":11,"column":18},"end":{"line":11,"column":20}},"10":{"start":{"line":14,"column":19},"end":{"line":40,"column":1}},"11":{"start":{"line":16,"column":2},"end":{"line":39,"column":3}},"12":{"start":{"line":17,"column":4},"end":{"line":35,"column":5}},"13":{"start":{"line":18,"column":6},"end":{"line":18,"column":111}},"14":{"start":{"line":19,"column":9},"end":{"line":35,"column":5}},"15":{"start":{"line":20,"column":6},"end":{"line":20,"column":114}},"16":{"start":{"line":22,"column":25},"end":{"line":29,"column":8}},"17":{"start":{"line":30,"column":23},"end":{"line":30,"column":46}},"18":{"start":{"line":31,"column":6},"end":{"line":34,"column":95}},"19":{"start":{"line":32,"column":8},"end":{"line":32,"column":105}},"20":{"start":{"line":34,"column":8},"end":{"line":34,"column":95}},"21":{"start":{"line":37,"column":4},"end":{"line":37,"column":20}},"22":{"start":{"line":38,"column":4},"end":{"line":38,"column":101}},"23":{"start":{"line":43,"column":16},"end":{"line":58,"column":1}},"24":{"start":{"line":45,"column":2},"end":{"line":57,"column":3}},"25":{"start":{"line":46,"column":21},"end":{"line":48,"column":133}},"26":{"start":{"line":49,"column":4},"end":{"line":53,"column":5}},"27":{"start":{"line":50,"column":6},"end":{"line":50,"column":105}},"28":{"start":{"line":52,"column":6},"end":{"line":52,"column":47}},"29":{"start":{"line":55,"column":4},"end":{"line":55,"column":20}},"30":{"start":{"line":56,"column":4},"end":{"line":56,"column":103}},"31":{"start":{"line":61,"column":20},"end":{"line":83,"column":1}},"32":{"start":{"line":63,"column":2},"end":{"line":82,"column":3}},"33":{"start":{"line":64,"column":21},"end":{"line":64,"column":81}},"34":{"start":{"line":65,"column":4},"end":{"line":78,"column":5}},"35":{"start":{"line":66,"column":6},"end":{"line":66,"column":104}},"36":{"start":{"line":68,"column":6},"end":{"line":77,"column":7}},"37":{"start":{"line":69,"column":24},"end":{"line":69,"column":51}},"38":{"start":{"line":70,"column":25},"end":{"line":70,"column":143}},"39":{"start":{"line":71,"column":8},"end":{"line":73,"column":10}},"40":{"start":{"line":72,"column":16},"end":{"line":72,"column":95}},"41":{"start":{"line":72,"column":65},"end":{"line":72,"column":88}},"42":{"start":{"line":75,"column":8},"end":{"line":75,"column":24}},"43":{"start":{"line":76,"column":8},"end":{"line":76,"column":110}},"44":{"start":{"line":80,"column":4},"end":{"line":80,"column":20}},"45":{"start":{"line":81,"column":4},"end":{"line":81,"column":102}},"46":{"start":{"line":86,"column":19},"end":{"line":137,"column":1}},"47":{"start":{"line":88,"column":2},"end":{"line":136,"column":3}},"48":{"start":{"line":89,"column":21},"end":{"line":89,"column":81}},"49":{"start":{"line":90,"column":4},"end":{"line":132,"column":5}},"50":{"start":{"line":91,"column":6},"end":{"line":91,"column":104}},"51":{"start":{"line":93,"column":23},"end":{"line":93,"column":42}},"52":{"start":{"line":95,"column":6},"end":{"line":131,"column":7}},"53":{"start":{"line":95,"column":48},"end":{"line":95,"column":61}},"54":{"start":{"line":96,"column":8},"end":{"line":96,"column":126}},"55":{"start":{"line":99,"column":8},"end":{"line":130,"column":9}},"56":{"start":{"line":100,"column":25},"end":{"line":100,"column":70}},"57":{"start":{"line":101,"column":10},"end":{"line":126,"column":11}},"58":{"start":{"line":102,"column":12},"end":{"line":102,"column":109}},"59":{"start":{"line":104,"column":12},"end":{"line":125,"column":13}},"60":{"start":{"line":105,"column":36},"end":{"line":105,"column":118}},"61":{"start":{"line":106,"column":14},"end":{"line":121,"column":15}},"62":{"start":{"line":107,"column":39},"end":{"line":107,"column":106}},"63":{"start":{"line":109,"column":16},"end":{"line":109,"column":101}},"64":{"start":{"line":109,"column":91},"end":{"line":109,"column":100}},"65":{"start":{"line":110,"column":34},"end":{"line":110,"column":99}},"66":{"start":{"line":111,"column":16},"end":{"line":117,"column":18}},"67":{"start":{"line":119,"column":16},"end":{"line":119,"column":32}},"68":{"start":{"line":120,"column":16},"end":{"line":120,"column":114}},"69":{"start":{"line":123,"column":14},"end":{"line":123,"column":30}},"70":{"start":{"line":124,"column":14},"end":{"line":124,"column":110}},"71":{"start":{"line":128,"column":10},"end":{"line":128,"column":26}},"72":{"start":{"line":129,"column":10},"end":{"line":129,"column":107}},"73":{"start":{"line":134,"column":4},"end":{"line":134,"column":20}},"74":{"start":{"line":135,"column":4},"end":{"line":135,"column":102}},"75":{"start":{"line":140,"column":23},"end":{"line":184,"column":1}},"76":{"start":{"line":142,"column":2},"end":{"line":183,"column":3}},"77":{"start":{"line":143,"column":21},"end":{"line":143,"column":81}},"78":{"start":{"line":144,"column":4},"end":{"line":179,"column":5}},"79":{"start":{"line":145,"column":6},"end":{"line":145,"column":104}},"80":{"start":{"line":147,"column":23},"end":{"line":147,"column":42}},"81":{"start":{"line":149,"column":6},"end":{"line":178,"column":7}},"82":{"start":{"line":149,"column":48},"end":{"line":149,"column":65}},"83":{"start":{"line":150,"column":8},"end":{"line":150,"column":126}},"84":{"start":{"line":153,"column":8},"end":{"line":177,"column":9}},"85":{"start":{"line":154,"column":25},"end":{"line":154,"column":70}},"86":{"start":{"line":155,"column":10},"end":{"line":173,"column":11}},"87":{"start":{"line":156,"column":12},"end":{"line":156,"column":109}},"88":{"start":{"line":158,"column":12},"end":{"line":172,"column":13}},"89":{"start":{"line":160,"column":34},"end":{"line":160,"column":74}},"90":{"start":{"line":161,"column":37},"end":{"line":161,"column":104}},"91":{"start":{"line":162,"column":14},"end":{"line":168,"column":15}},"92":{"start":{"line":163,"column":42},"end":{"line":163,"column":115}},"93":{"start":{"line":164,"column":34},"end":{"line":164,"column":129}},"94":{"start":{"line":165,"column":16},"end":{"line":165,"column":58}},"95":{"start":{"line":167,"column":16},"end":{"line":167,"column":120}},"96":{"start":{"line":170,"column":14},"end":{"line":170,"column":30}},"97":{"start":{"line":171,"column":14},"end":{"line":171,"column":114}},"98":{"start":{"line":175,"column":10},"end":{"line":175,"column":26}},"99":{"start":{"line":176,"column":10},"end":{"line":176,"column":107}},"100":{"start":{"line":181,"column":4},"end":{"line":181,"column":20}},"101":{"start":{"line":182,"column":4},"end":{"line":182,"column":102}},"102":{"start":{"line":186,"column":0},"end":{"line":192,"column":1}}},"fnMap":{"0":{"name":"(anonymous_0)","decl":{"start":{"line":14,"column":19},"end":{"line":14,"column":20}},"loc":{"start":{"line":14,"column":39},"end":{"line":40,"column":1}},"line":14},"1":{"name":"(anonymous_1)","decl":{"start":{"line":43,"column":16},"end":{"line":43,"column":17}},"loc":{"start":{"line":43,"column":36},"end":{"line":58,"column":1}},"line":43},"2":{"name":"(anonymous_2)","decl":{"start":{"line":61,"column":20},"end":{"line":61,"column":21}},"loc":{"start":{"line":61,"column":40},"end":{"line":83,"column":1}},"line":61},"3":{"name":"(anonymous_3)","decl":{"start":{"line":72,"column":10},"end":{"line":72,"column":11}},"loc":{"start":{"line":72,"column":15},"end":{"line":72,"column":96}},"line":72},"4":{"name":"(anonymous_4)","decl":{"start":{"line":72,"column":60},"end":{"line":72,"column":61}},"loc":{"start":{"line":72,"column":65},"end":{"line":72,"column":88}},"line":72},"5":{"name":"(anonymous_5)","decl":{"start":{"line":86,"column":19},"end":{"line":86,"column":20}},"loc":{"start":{"line":86,"column":39},"end":{"line":137,"column":1}},"line":86},"6":{"name":"(anonymous_6)","decl":{"start":{"line":95,"column":43},"end":{"line":95,"column":44}},"loc":{"start":{"line":95,"column":48},"end":{"line":95,"column":61}},"line":95},"7":{"name":"(anonymous_7)","decl":{"start":{"line":109,"column":83},"end":{"line":109,"column":84}},"loc":{"start":{"line":109,"column":91},"end":{"line":109,"column":100}},"line":109},"8":{"name":"(anonymous_8)","decl":{"start":{"line":140,"column":23},"end":{"line":140,"column":24}},"loc":{"start":{"line":140,"column":43},"end":{"line":184,"column":1}},"line":140},"9":{"name":"(anonymous_9)","decl":{"start":{"line":149,"column":43},"end":{"line":149,"column":44}},"loc":{"start":{"line":149,"column":48},"end":{"line":149,"column":65}},"line":149}},"branchMap":{"0":{"loc":{"start":{"line":17,"column":4},"end":{"line":35,"column":5}},"type":"if","locations":[{"start":{"line":17,"column":4},"end":{"line":35,"column":5}},{"start":{"line":19,"column":9},"end":{"line":35,"column":5}}],"line":17},"1":{"loc":{"start":{"line":19,"column":9},"end":{"line":35,"column":5}},"type":"if","locations":[{"start":{"line":19,"column":9},"end":{"line":35,"column":5}},{"start":{"line":21,"column":8},"end":{"line":35,"column":5}}],"line":19},"2":{"loc":{"start":{"line":31,"column":6},"end":{"line":34,"column":95}},"type":"if","locations":[{"start":{"line":31,"column":6},"end":{"line":34,"column":95}},{"start":{"line":34,"column":8},"end":{"line":34,"column":95}}],"line":31},"3":{"loc":{"start":{"line":49,"column":4},"end":{"line":53,"column":5}},"type":"if","locations":[{"start":{"line":49,"column":4},"end":{"line":53,"column":5}},{"start":{"line":51,"column":9},"end":{"line":53,"column":5}}],"line":49},"4":{"loc":{"start":{"line":65,"column":4},"end":{"line":78,"column":5}},"type":"if","locations":[{"start":{"line":65,"column":4},"end":{"line":78,"column":5}},{"start":{"line":67,"column":9},"end":{"line":78,"column":5}}],"line":65},"5":{"loc":{"start":{"line":90,"column":4},"end":{"line":132,"column":5}},"type":"if","locations":[{"start":{"line":90,"column":4},"end":{"line":132,"column":5}},{"start":{"line":92,"column":9},"end":{"line":132,"column":5}}],"line":90},"6":{"loc":{"start":{"line":95,"column":6},"end":{"line":131,"column":7}},"type":"if","locations":[{"start":{"line":95,"column":6},"end":{"line":131,"column":7}},{"start":{"line":98,"column":10},"end":{"line":131,"column":7}}],"line":95},"7":{"loc":{"start":{"line":101,"column":10},"end":{"line":126,"column":11}},"type":"if","locations":[{"start":{"line":101,"column":10},"end":{"line":126,"column":11}},{"start":{"line":103,"column":15},"end":{"line":126,"column":11}}],"line":101},"8":{"loc":{"start":{"line":144,"column":4},"end":{"line":179,"column":5}},"type":"if","locations":[{"start":{"line":144,"column":4},"end":{"line":179,"column":5}},{"start":{"line":146,"column":9},"end":{"line":179,"column":5}}],"line":144},"9":{"loc":{"start":{"line":149,"column":6},"end":{"line":178,"column":7}},"type":"if","locations":[{"start":{"line":149,"column":6},"end":{"line":178,"column":7}},{"start":{"line":152,"column":10},"end":{"line":178,"column":7}}],"line":149},"10":{"loc":{"start":{"line":155,"column":10},"end":{"line":173,"column":11}},"type":"if","locations":[{"start":{"line":155,"column":10},"end":{"line":173,"column":11}},{"start":{"line":157,"column":15},"end":{"line":173,"column":11}}],"line":155},"11":{"loc":{"start":{"line":162,"column":14},"end":{"line":168,"column":15}},"type":"if","locations":[{"start":{"line":162,"column":14},"end":{"line":168,"column":15}},{"start":{"line":166,"column":19},"end":{"line":168,"column":15}}],"line":162}},"s":{"0":2,"1":2,"2":2,"3":2,"4":2,"5":2,"6":2,"7":2,"8":2,"9":2,"10":2,"11":3,"12":3,"13":1,"14":2,"15":1,"16":1,"17":1,"18":1,"19":0,"20":1,"21":0,"22":0,"23":2,"24":1,"25":1,"26":1,"27":0,"28":1,"29":0,"30":0,"31":2,"32":1,"33":1,"34":1,"35":0,"36":1,"37":1,"38":1,"39":1,"40":1,"41":1,"42":0,"43":0,"44":0,"45":0,"46":2,"47":2,"48":2,"49":2,"50":0,"51":2,"52":2,"53":2,"54":1,"55":1,"56":1,"57":1,"58":0,"59":1,"60":1,"61":1,"62":1,"63":1,"64":10,"65":1,"66":1,"67":0,"68":0,"69":0,"70":0,"71":0,"72":0,"73":0,"74":0,"75":2,"76":3,"77":3,"78":3,"79":0,"80":3,"81":3,"82":3,"83":1,"84":2,"85":2,"86":2,"87":0,"88":2,"89":2,"90":2,"91":2,"92":1,"93":1,"94":1,"95":1,"96":0,"97":0,"98":0,"99":0,"100":0,"101":0,"102":2},"f":{"0":3,"1":1,"2":1,"3":1,"4":1,"5":2,"6":2,"7":10,"8":3,"9":3},"b":{"0":[1,2],"1":[1,1],"2":[0,1],"3":[0,1],"4":[0,1],"5":[0,2],"6":[1,1],"7":[0,1],"8":[0,3],"9":[1,2],"10":[0,2],"11":[1,1]},"_coverageSchema":"1a1c01bbd47fc00a2c39e90264f33305004495a9","hash":"16d727f6f6f160a8663cb4f18b3bd07dfe53fb3c"}
,"/home/manfucci/GitRepos/ardeeno-backend/controllers/token.js": {"path":"/home/manfucci/GitRepos/ardeeno-backend/controllers/token.js","statementMap":{"0":{"start":{"line":1,"column":20},"end":{"line":1,"column":60}},"1":{"start":{"line":2,"column":12},"end":{"line":2,"column":35}},"2":{"start":{"line":3,"column":15},"end":{"line":3,"column":42}},"3":{"start":{"line":4,"column":15},"end":{"line":4,"column":32}},"4":{"start":{"line":6,"column":17},"end":{"line":24,"column":1}},"5":{"start":{"line":7,"column":2},"end":{"line":23,"column":3}},"6":{"start":{"line":8,"column":17},"end":{"line":8,"column":71}},"7":{"start":{"line":9,"column":4},"end":{"line":19,"column":5}},"8":{"start":{"line":10,"column":6},"end":{"line":10,"column":83}},"9":{"start":{"line":11,"column":9},"end":{"line":19,"column":5}},"10":{"start":{"line":12,"column":6},"end":{"line":12,"column":81}},"11":{"start":{"line":15,"column":20},"end":{"line":15,"column":80}},"12":{"start":{"line":16,"column":20},"end":{"line":16,"column":39}},"13":{"start":{"line":17,"column":18},"end":{"line":17,"column":70}},"14":{"start":{"line":18,"column":6},"end":{"line":18,"column":65}},"15":{"start":{"line":21,"column":4},"end":{"line":21,"column":20}},"16":{"start":{"line":22,"column":4},"end":{"line":22,"column":98}},"17":{"start":{"line":26,"column":0},"end":{"line":28,"column":1}}},"fnMap":{"0":{"name":"(anonymous_0)","decl":{"start":{"line":6,"column":17},"end":{"line":6,"column":18}},"loc":{"start":{"line":6,"column":37},"end":{"line":24,"column":1}},"line":6}},"branchMap":{"0":{"loc":{"start":{"line":9,"column":4},"end":{"line":19,"column":5}},"type":"if","locations":[{"start":{"line":9,"column":4},"end":{"line":19,"column":5}},{"start":{"line":11,"column":9},"end":{"line":19,"column":5}}],"line":9},"1":{"loc":{"start":{"line":11,"column":9},"end":{"line":19,"column":5}},"type":"if","locations":[{"start":{"line":11,"column":9},"end":{"line":19,"column":5}},{"start":{"line":13,"column":8},"end":{"line":19,"column":5}}],"line":11}},"s":{"0":2,"1":2,"2":2,"3":2,"4":2,"5":3,"6":3,"7":3,"8":1,"9":2,"10":1,"11":1,"12":1,"13":1,"14":1,"15":0,"16":0,"17":2},"f":{"0":3},"b":{"0":[1,2],"1":[1,1]},"_coverageSchema":"1a1c01bbd47fc00a2c39e90264f33305004495a9","hash":"44d4ba42114a0d71b0cefbf820e61ee9a7696163"}
,"/home/manfucci/GitRepos/ardeeno-backend/middleware/authChecker.js": {"path":"/home/manfucci/GitRepos/ardeeno-backend/middleware/authChecker.js","statementMap":{"0":{"start":{"line":1,"column":20},"end":{"line":1,"column":60}},"1":{"start":{"line":2,"column":16},"end":{"line":2,"column":34}},"2":{"start":{"line":3,"column":12},"end":{"line":3,"column":35}},"3":{"start":{"line":5,"column":0},"end":{"line":12,"column":1}},"4":{"start":{"line":14,"column":20},"end":{"line":22,"column":1}},"5":{"start":{"line":15,"column":2},"end":{"line":21,"column":3}},"6":{"start":{"line":16,"column":4},"end":{"line":20,"column":15}},"7":{"start":{"line":17,"column":6},"end":{"line":17,"column":101}},"8":{"start":{"line":18,"column":9},"end":{"line":20,"column":15}},"9":{"start":{"line":18,"column":52},"end":{"line":18,"column":78}},"10":{"start":{"line":19,"column":6},"end":{"line":19,"column":110}},"11":{"start":{"line":20,"column":9},"end":{"line":20,"column":15}},"12":{"start":{"line":24,"column":0},"end":{"line":24,"column":28}}},"fnMap":{"0":{"name":"(anonymous_0)","decl":{"start":{"line":14,"column":20},"end":{"line":14,"column":21}},"loc":{"start":{"line":14,"column":43},"end":{"line":22,"column":1}},"line":14},"1":{"name":"(anonymous_1)","decl":{"start":{"line":15,"column":9},"end":{"line":15,"column":10}},"loc":{"start":{"line":15,"column":34},"end":{"line":21,"column":3}},"line":15},"2":{"name":"(anonymous_2)","decl":{"start":{"line":18,"column":47},"end":{"line":18,"column":48}},"loc":{"start":{"line":18,"column":52},"end":{"line":18,"column":78}},"line":18}},"branchMap":{"0":{"loc":{"start":{"line":16,"column":4},"end":{"line":20,"column":15}},"type":"if","locations":[{"start":{"line":16,"column":4},"end":{"line":20,"column":15}},{"start":{"line":18,"column":9},"end":{"line":20,"column":15}}],"line":16},"1":{"loc":{"start":{"line":18,"column":9},"end":{"line":20,"column":15}},"type":"if","locations":[{"start":{"line":18,"column":9},"end":{"line":20,"column":15}},{"start":{"line":20,"column":9},"end":{"line":20,"column":15}}],"line":18}},"s":{"0":2,"1":2,"2":2,"3":2,"4":2,"5":8,"6":7,"7":0,"8":7,"9":7,"10":0,"11":7,"12":2},"f":{"0":8,"1":7,"2":7},"b":{"0":[0,7],"1":[0,7]},"_coverageSchema":"1a1c01bbd47fc00a2c39e90264f33305004495a9","hash":"63b3555bb2f19ca9a8df73662e40cd62cae42e6c"}
,"/home/manfucci/GitRepos/ardeeno-backend/middleware/tokenChecker.js": {"path":"/home/manfucci/GitRepos/ardeeno-backend/middleware/tokenChecker.js","statementMap":{"0":{"start":{"line":1,"column":16},"end":{"line":1,"column":34}},"1":{"start":{"line":2,"column":12},"end":{"line":2,"column":35}},"2":{"start":{"line":4,"column":21},"end":{"line":26,"column":1}},"3":{"start":{"line":5,"column":14},"end":{"line":5,"column":43}},"4":{"start":{"line":6,"column":2},"end":{"line":25,"column":3}},"5":{"start":{"line":7,"column":4},"end":{"line":7,"column":25}},"6":{"start":{"line":8,"column":4},"end":{"line":8,"column":38}},"7":{"start":{"line":9,"column":4},"end":{"line":9,"column":10}},"8":{"start":{"line":13,"column":4},"end":{"line":24,"column":6}},"9":{"start":{"line":14,"column":6},"end":{"line":22,"column":7}},"10":{"start":{"line":15,"column":8},"end":{"line":15,"column":29}},"11":{"start":{"line":16,"column":8},"end":{"line":16,"column":44}},"12":{"start":{"line":20,"column":8},"end":{"line":20,"column":32}},"13":{"start":{"line":21,"column":8},"end":{"line":21,"column":42}},"14":{"start":{"line":23,"column":6},"end":{"line":23,"column":12}},"15":{"start":{"line":28,"column":0},"end":{"line":28,"column":29}}},"fnMap":{"0":{"name":"(anonymous_0)","decl":{"start":{"line":4,"column":21},"end":{"line":4,"column":22}},"loc":{"start":{"line":4,"column":46},"end":{"line":26,"column":1}},"line":4},"1":{"name":"(anonymous_1)","decl":{"start":{"line":13,"column":48},"end":{"line":13,"column":49}},"loc":{"start":{"line":13,"column":71},"end":{"line":24,"column":5}},"line":13}},"branchMap":{"0":{"loc":{"start":{"line":6,"column":2},"end":{"line":25,"column":3}},"type":"if","locations":[{"start":{"line":6,"column":2},"end":{"line":25,"column":3}},{"start":{"line":11,"column":6},"end":{"line":25,"column":3}}],"line":6},"1":{"loc":{"start":{"line":14,"column":6},"end":{"line":22,"column":7}},"type":"if","locations":[{"start":{"line":14,"column":6},"end":{"line":22,"column":7}},{"start":{"line":18,"column":11},"end":{"line":22,"column":7}}],"line":14}},"s":{"0":2,"1":2,"2":2,"3":13,"4":13,"5":6,"6":6,"7":6,"8":7,"9":7,"10":0,"11":0,"12":7,"13":7,"14":7,"15":2},"f":{"0":13,"1":7},"b":{"0":[6,7],"1":[0,7]},"_coverageSchema":"1a1c01bbd47fc00a2c39e90264f33305004495a9","hash":"12f9990126d102c26d97c0b81545bfa99f287787"}
,"/home/manfucci/GitRepos/ardeeno-backend/models/impianto.js": {"path":"/home/manfucci/GitRepos/ardeeno-backend/models/impianto.js","statementMap":{"0":{"start":{"line":1,"column":17},"end":{"line":1,"column":36}},"1":{"start":{"line":3,"column":23},"end":{"line":14,"column":2}},"2":{"start":{"line":16,"column":17},"end":{"line":16,"column":71}},"3":{"start":{"line":17,"column":0},"end":{"line":17,"column":25}}},"fnMap":{},"branchMap":{},"s":{"0":2,"1":2,"2":2,"3":2},"f":{},"b":{},"_coverageSchema":"1a1c01bbd47fc00a2c39e90264f33305004495a9","hash":"38d3b604a5c763d6e6a312c37e1d471c1757808c"}
,"/home/manfucci/GitRepos/ardeeno-backend/models/modello.js": {"path":"/home/manfucci/GitRepos/ardeeno-backend/models/modello.js","statementMap":{"0":{"start":{"line":1,"column":17},"end":{"line":1,"column":36}},"1":{"start":{"line":3,"column":22},"end":{"line":12,"column":2}},"2":{"start":{"line":14,"column":16},"end":{"line":14,"column":67}},"3":{"start":{"line":15,"column":0},"end":{"line":15,"column":24}}},"fnMap":{},"branchMap":{},"s":{"0":2,"1":2,"2":2,"3":2},"f":{},"b":{},"_coverageSchema":"1a1c01bbd47fc00a2c39e90264f33305004495a9","hash":"cc4cb46f30f7f258881f66fc3819ead0773f8251"}
,"/home/manfucci/GitRepos/ardeeno-backend/models/sensore.js": {"path":"/home/manfucci/GitRepos/ardeeno-backend/models/sensore.js","statementMap":{"0":{"start":{"line":1,"column":17},"end":{"line":1,"column":36}},"1":{"start":{"line":3,"column":22},"end":{"line":9,"column":2}},"2":{"start":{"line":11,"column":16},"end":{"line":11,"column":67}},"3":{"start":{"line":12,"column":0},"end":{"line":12,"column":24}}},"fnMap":{},"branchMap":{},"s":{"0":2,"1":2,"2":2,"3":2},"f":{},"b":{},"_coverageSchema":"1a1c01bbd47fc00a2c39e90264f33305004495a9","hash":"cd0c0c826709378744134c7bb66f79b929f9f6d1"}
,"/home/manfucci/GitRepos/ardeeno-backend/models/utente.js": {"path":"/home/manfucci/GitRepos/ardeeno-backend/models/utente.js","statementMap":{"0":{"start":{"line":1,"column":17},"end":{"line":1,"column":36}},"1":{"start":{"line":3,"column":21},"end":{"line":15,"column":2}},"2":{"start":{"line":17,"column":15},"end":{"line":17,"column":63}},"3":{"start":{"line":18,"column":0},"end":{"line":18,"column":23}}},"fnMap":{},"branchMap":{},"s":{"0":2,"1":2,"2":2,"3":2},"f":{},"b":{},"_coverageSchema":"1a1c01bbd47fc00a2c39e90264f33305004495a9","hash":"dda9a8d74016562c6b98810fe23dbc37bad3ebc7"}
,"/home/manfucci/GitRepos/ardeeno-backend/routes/cliente.js": {"path":"/home/manfucci/GitRepos/ardeeno-backend/routes/cliente.js","statementMap":{"0":{"start":{"line":1,"column":16},"end":{"line":1,"column":34}},"1":{"start":{"line":2,"column":15},"end":{"line":2,"column":31}},"2":{"start":{"line":3,"column":20},"end":{"line":3,"column":56}},"3":{"start":{"line":7,"column":26},"end":{"line":7,"column":59}},"4":{"start":{"line":9,"column":0},"end":{"line":9,"column":54}},"5":{"start":{"line":10,"column":0},"end":{"line":10,"column":70}},"6":{"start":{"line":11,"column":0},"end":{"line":11,"column":83}},"7":{"start":{"line":12,"column":0},"end":{"line":12,"column":100}},"8":{"start":{"line":13,"column":0},"end":{"line":13,"column":117}},"9":{"start":{"line":22,"column":0},"end":{"line":22,"column":24}}},"fnMap":{},"branchMap":{},"s":{"0":2,"1":2,"2":2,"3":2,"4":2,"5":2,"6":2,"7":2,"8":2,"9":2},"f":{},"b":{},"_coverageSchema":"1a1c01bbd47fc00a2c39e90264f33305004495a9","hash":"071d429906428613b0b10880668917d5e73027b7"}
,"/home/manfucci/GitRepos/ardeeno-backend/routes/token.js": {"path":"/home/manfucci/GitRepos/ardeeno-backend/routes/token.js","statementMap":{"0":{"start":{"line":1,"column":16},"end":{"line":1,"column":34}},"1":{"start":{"line":2,"column":12},"end":{"line":2,"column":21}},"2":{"start":{"line":3,"column":15},"end":{"line":3,"column":31}},"3":{"start":{"line":6,"column":24},"end":{"line":6,"column":55}},"4":{"start":{"line":7,"column":0},"end":{"line":7,"column":46}},"5":{"start":{"line":9,"column":0},"end":{"line":9,"column":24}}},"fnMap":{},"branchMap":{},"s":{"0":2,"1":2,"2":2,"3":2,"4":2,"5":2},"f":{},"b":{},"_coverageSchema":"1a1c01bbd47fc00a2c39e90264f33305004495a9","hash":"ccce7eb497a210dbf773ea57284985f224ff47fd"}
,"/home/manfucci/GitRepos/ardeeno-backend/schemas/misurazioneSchema.js": {"path":"/home/manfucci/GitRepos/ardeeno-backend/schemas/misurazioneSchema.js","statementMap":{"0":{"start":{"line":1,"column":17},"end":{"line":1,"column":36}},"1":{"start":{"line":3,"column":26},"end":{"line":9,"column":1}},"2":{"start":{"line":11,"column":0},"end":{"line":11,"column":34}}},"fnMap":{},"branchMap":{},"s":{"0":2,"1":2,"2":2},"f":{},"b":{},"_coverageSchema":"1a1c01bbd47fc00a2c39e90264f33305004495a9","hash":"512356462170d83ad7fc868413873ccd29753ee8"}
,"/home/manfucci/GitRepos/ardeeno-backend/schemas/snapshotSchema.js": {"path":"/home/manfucci/GitRepos/ardeeno-backend/schemas/snapshotSchema.js","statementMap":{"0":{"start":{"line":1,"column":17},"end":{"line":1,"column":36}},"1":{"start":{"line":3,"column":23},"end":{"line":8,"column":1}},"2":{"start":{"line":10,"column":0},"end":{"line":10,"column":31}}},"fnMap":{},"branchMap":{},"s":{"0":2,"1":2,"2":2},"f":{},"b":{},"_coverageSchema":"1a1c01bbd47fc00a2c39e90264f33305004495a9","hash":"f78959d5d78d7e507640640ccab86a34a42052af"}
,"/home/manfucci/GitRepos/ardeeno-backend/tests/database/database.js": {"path":"/home/manfucci/GitRepos/ardeeno-backend/tests/database/database.js","statementMap":{"0":{"start":{"line":1,"column":15},"end":{"line":1,"column":45}},"1":{"start":{"line":2,"column":17},"end":{"line":2,"column":49}},"2":{"start":{"line":3,"column":16},"end":{"line":3,"column":47}},"3":{"start":{"line":4,"column":16},"end":{"line":4,"column":47}},"4":{"start":{"line":5,"column":23},"end":{"line":5,"column":62}},"5":{"start":{"line":6,"column":26},"end":{"line":6,"column":68}},"6":{"start":{"line":7,"column":26},"end":{"line":7,"column":76}},"7":{"start":{"line":9,"column":11},"end":{"line":9,"column":24}},"8":{"start":{"line":11,"column":17},"end":{"line":11,"column":36}},"9":{"start":{"line":13,"column":14},"end":{"line":13,"column":18}},"10":{"start":{"line":15,"column":14},"end":{"line":68,"column":1}},"11":{"start":{"line":37,"column":2},"end":{"line":37,"column":44}},"12":{"start":{"line":38,"column":22},"end":{"line":38,"column":38}},"13":{"start":{"line":39,"column":2},"end":{"line":46,"column":3}},"14":{"start":{"line":43,"column":6},"end":{"line":43,"column":49}},"15":{"start":{"line":43,"column":15},"end":{"line":43,"column":49}},"16":{"start":{"line":44,"column":6},"end":{"line":44,"column":95}},"17":{"start":{"line":48,"column":17},"end":{"line":48,"column":74}},"18":{"start":{"line":49,"column":18},"end":{"line":49,"column":76}},"19":{"start":{"line":50,"column":19},"end":{"line":50,"column":78}},"20":{"start":{"line":51,"column":18},"end":{"line":51,"column":76}},"21":{"start":{"line":53,"column":20},"end":{"line":53,"column":105}},"22":{"start":{"line":54,"column":22},"end":{"line":54,"column":109}},"23":{"start":{"line":57,"column":2},"end":{"line":57,"column":33}},"24":{"start":{"line":58,"column":2},"end":{"line":58,"column":35}},"25":{"start":{"line":59,"column":2},"end":{"line":59,"column":37}},"26":{"start":{"line":60,"column":2},"end":{"line":60,"column":35}},"27":{"start":{"line":62,"column":18},"end":{"line":62,"column":33}},"28":{"start":{"line":63,"column":24},"end":{"line":63,"column":88}},"29":{"start":{"line":64,"column":27},"end":{"line":64,"column":99}},"30":{"start":{"line":66,"column":2},"end":{"line":66,"column":43}},"31":{"start":{"line":67,"column":2},"end":{"line":67,"column":48}},"32":{"start":{"line":70,"column":17},"end":{"line":73,"column":1}},"33":{"start":{"line":71,"column":2},"end":{"line":71,"column":29}},"34":{"start":{"line":72,"column":2},"end":{"line":72,"column":22}},"35":{"start":{"line":75,"column":0},"end":{"line":78,"column":1}}},"fnMap":{"0":{"name":"(anonymous_0)","decl":{"start":{"line":15,"column":14},"end":{"line":15,"column":15}},"loc":{"start":{"line":15,"column":26},"end":{"line":68,"column":1}},"line":15},"1":{"name":"(anonymous_1)","decl":{"start":{"line":42,"column":4},"end":{"line":42,"column":5}},"loc":{"start":{"line":42,"column":13},"end":{"line":45,"column":5}},"line":42},"2":{"name":"(anonymous_2)","decl":{"start":{"line":70,"column":17},"end":{"line":70,"column":18}},"loc":{"start":{"line":70,"column":29},"end":{"line":73,"column":1}},"line":70}},"branchMap":{"0":{"loc":{"start":{"line":43,"column":6},"end":{"line":43,"column":49}},"type":"if","locations":[{"start":{"line":43,"column":6},"end":{"line":43,"column":49}},{"start":{},"end":{}}],"line":43}},"s":{"0":2,"1":2,"2":2,"3":2,"4":2,"5":2,"6":2,"7":2,"8":2,"9":2,"10":2,"11":2,"12":2,"13":2,"14":2,"15":0,"16":2,"17":2,"18":2,"19":2,"20":2,"21":2,"22":2,"23":2,"24":2,"25":2,"26":2,"27":2,"28":2,"29":2,"30":2,"31":2,"32":2,"33":2,"34":2,"35":2},"f":{"0":2,"1":2,"2":2},"b":{"0":[0,2]},"_coverageSchema":"1a1c01bbd47fc00a2c39e90264f33305004495a9","hash":"5f0049271ad0485bd874ceff8dc28261acb067d5"}
}
