TN:
SF:app.js
FN:16,(anonymous_0)
FN:30,(anonymous_1)
FN:48,(anonymous_2)
FNF:3
FNH:2
FNDA:2,(anonymous_0)
FNDA:13,(anonymous_1)
FNDA:0,(anonymous_2)
DA:1,2
DA:2,2
DA:3,2
DA:4,2
DA:5,2
DA:6,2
DA:8,2
DA:9,2
DA:11,2
DA:12,2
DA:16,2
DA:17,2
DA:21,2
DA:22,2
DA:23,2
DA:24,2
DA:25,2
DA:27,2
DA:28,2
DA:29,2
DA:30,2
DA:31,13
DA:37,13
DA:40,2
DA:41,2
DA:42,2
DA:44,2
DA:45,0
DA:49,0
DA:50,0
DA:55,2
LF:31
LH:28
BRDA:44,0,0,0
BRDA:44,0,1,2
BRDA:49,1,0,0
BRDA:49,1,1,0
BRF:4
BRH:1
end_of_record
TN:
SF:controllers/cliente.js
FN:14,(anonymous_0)
FN:43,(anonymous_1)
FN:61,(anonymous_2)
FN:72,(anonymous_3)
FN:72,(anonymous_4)
FN:86,(anonymous_5)
FN:95,(anonymous_6)
FN:109,(anonymous_7)
FN:140,(anonymous_8)
FN:149,(anonymous_9)
FNF:10
FNH:10
FNDA:3,(anonymous_0)
FNDA:1,(anonymous_1)
FNDA:1,(anonymous_2)
FNDA:1,(anonymous_3)
FNDA:1,(anonymous_4)
FNDA:2,(anonymous_5)
FNDA:2,(anonymous_6)
FNDA:10,(anonymous_7)
FNDA:3,(anonymous_8)
FNDA:3,(anonymous_9)
DA:1,2
DA:2,2
DA:3,2
DA:4,2
DA:5,2
DA:6,2
DA:7,2
DA:9,2
DA:10,2
DA:11,2
DA:14,2
DA:16,3
DA:17,3
DA:18,1
DA:19,2
DA:20,1
DA:22,1
DA:30,1
DA:31,1
DA:32,0
DA:34,1
DA:37,0
DA:38,0
DA:43,2
DA:45,1
DA:46,1
DA:49,1
DA:50,0
DA:52,1
DA:55,0
DA:56,0
DA:61,2
DA:63,1
DA:64,1
DA:65,1
DA:66,0
DA:68,1
DA:69,1
DA:70,1
DA:71,1
DA:72,1
DA:75,0
DA:76,0
DA:80,0
DA:81,0
DA:86,2
DA:88,2
DA:89,2
DA:90,2
DA:91,0
DA:93,2
DA:95,2
DA:96,1
DA:99,1
DA:100,1
DA:101,1
DA:102,0
DA:104,1
DA:105,1
DA:106,1
DA:107,1
DA:109,10
DA:110,1
DA:111,1
DA:119,0
DA:120,0
DA:123,0
DA:124,0
DA:128,0
DA:129,0
DA:134,0
DA:135,0
DA:140,2
DA:142,3
DA:143,3
DA:144,3
DA:145,0
DA:147,3
DA:149,3
DA:150,1
DA:153,2
DA:154,2
DA:155,2
DA:156,0
DA:158,2
DA:160,2
DA:161,2
DA:162,2
DA:163,1
DA:164,1
DA:165,1
DA:167,1
DA:170,0
DA:171,0
DA:175,0
DA:176,0
DA:181,0
DA:182,0
DA:186,2
LF:99
LH:70
BRDA:17,0,0,1
BRDA:17,0,1,2
BRDA:19,1,0,1
BRDA:19,1,1,1
BRDA:31,2,0,0
BRDA:31,2,1,1
BRDA:49,3,0,0
BRDA:49,3,1,1
BRDA:65,4,0,0
BRDA:65,4,1,1
BRDA:90,5,0,0
BRDA:90,5,1,2
BRDA:95,6,0,1
BRDA:95,6,1,1
BRDA:101,7,0,0
BRDA:101,7,1,1
BRDA:144,8,0,0
BRDA:144,8,1,3
BRDA:149,9,0,1
BRDA:149,9,1,2
BRDA:155,10,0,0
BRDA:155,10,1,2
BRDA:162,11,0,1
BRDA:162,11,1,1
BRF:24
BRH:17
end_of_record
TN:
SF:controllers/token.js
FN:6,(anonymous_0)
FNF:1
FNH:1
FNDA:3,(anonymous_0)
DA:1,2
DA:2,2
DA:3,2
DA:4,2
DA:6,2
DA:7,3
DA:8,3
DA:9,3
DA:10,1
DA:11,2
DA:12,1
DA:15,1
DA:16,1
DA:17,1
DA:18,1
DA:21,0
DA:22,0
DA:26,2
LF:18
LH:16
BRDA:9,0,0,1
BRDA:9,0,1,2
BRDA:11,1,0,1
BRDA:11,1,1,1
BRF:4
BRH:4
end_of_record
TN:
SF:middleware/authChecker.js
FN:14,(anonymous_0)
FN:15,(anonymous_1)
FN:18,(anonymous_2)
FNF:3
FNH:3
FNDA:8,(anonymous_0)
FNDA:7,(anonymous_1)
FNDA:7,(anonymous_2)
DA:1,2
DA:2,2
DA:3,2
DA:5,2
DA:14,2
DA:15,8
DA:16,7
DA:17,0
DA:18,7
DA:19,0
DA:20,7
DA:24,2
LF:12
LH:10
BRDA:16,0,0,0
BRDA:16,0,1,7
BRDA:18,1,0,0
BRDA:18,1,1,7
BRF:4
BRH:2
end_of_record
TN:
SF:middleware/tokenChecker.js
FN:4,(anonymous_0)
FN:13,(anonymous_1)
FNF:2
FNH:2
FNDA:13,(anonymous_0)
FNDA:7,(anonymous_1)
DA:1,2
DA:2,2
DA:4,2
DA:5,13
DA:6,13
DA:7,6
DA:8,6
DA:9,6
DA:13,7
DA:14,7
DA:15,0
DA:16,0
DA:20,7
DA:21,7
DA:23,7
DA:28,2
LF:16
LH:14
BRDA:6,0,0,6
BRDA:6,0,1,7
BRDA:14,1,0,0
BRDA:14,1,1,7
BRF:4
BRH:3
end_of_record
TN:
SF:models/impianto.js
FNF:0
FNH:0
DA:1,2
DA:3,2
DA:16,2
DA:17,2
LF:4
LH:4
BRF:0
BRH:0
end_of_record
TN:
SF:models/modello.js
FNF:0
FNH:0
DA:1,2
DA:3,2
DA:14,2
DA:15,2
LF:4
LH:4
BRF:0
BRH:0
end_of_record
TN:
SF:models/sensore.js
FNF:0
FNH:0
DA:1,2
DA:3,2
DA:11,2
DA:12,2
LF:4
LH:4
BRF:0
BRH:0
end_of_record
TN:
SF:models/utente.js
FNF:0
FNH:0
DA:1,2
DA:3,2
DA:17,2
DA:18,2
LF:4
LH:4
BRF:0
BRH:0
end_of_record
TN:
SF:routes/cliente.js
FNF:0
FNH:0
DA:1,2
DA:2,2
DA:3,2
DA:7,2
DA:9,2
DA:10,2
DA:11,2
DA:12,2
DA:13,2
DA:22,2
LF:10
LH:10
BRF:0
BRH:0
end_of_record
TN:
SF:routes/token.js
FNF:0
FNH:0
DA:1,2
DA:2,2
DA:3,2
DA:6,2
DA:7,2
DA:9,2
LF:6
LH:6
BRF:0
BRH:0
end_of_record
TN:
SF:schemas/misurazioneSchema.js
FNF:0
FNH:0
DA:1,2
DA:3,2
DA:11,2
LF:3
LH:3
BRF:0
BRH:0
end_of_record
TN:
SF:schemas/snapshotSchema.js
FNF:0
FNH:0
DA:1,2
DA:3,2
DA:10,2
LF:3
LH:3
BRF:0
BRH:0
end_of_record
TN:
SF:tests/database/database.js
FN:15,(anonymous_0)
FN:42,(anonymous_1)
FN:70,(anonymous_2)
FNF:3
FNH:3
FNDA:2,(anonymous_0)
FNDA:2,(anonymous_1)
FNDA:2,(anonymous_2)
DA:1,2
DA:2,2
DA:3,2
DA:4,2
DA:5,2
DA:6,2
DA:7,2
DA:9,2
DA:11,2
DA:13,2
DA:15,2
DA:37,2
DA:38,2
DA:39,2
DA:43,2
DA:44,2
DA:48,2
DA:49,2
DA:50,2
DA:51,2
DA:53,2
DA:54,2
DA:57,2
DA:58,2
DA:59,2
DA:60,2
DA:62,2
DA:63,2
DA:64,2
DA:66,2
DA:67,2
DA:70,2
DA:71,2
DA:72,2
DA:75,2
LF:35
LH:35
BRDA:43,0,0,0
BRDA:43,0,1,2
BRF:2
BRH:1
end_of_record
